  [1m[35m (178.7ms)[0m  [1m[35mCREATE TABLE "schema_migrations" ("version" varchar NOT NULL PRIMARY KEY)[0m
  [1m[35m (174.0ms)[0m  [1m[35mCREATE TABLE "ar_internal_metadata" ("key" varchar NOT NULL PRIMARY KEY, "value" varchar, "created_at" datetime(6) NOT NULL, "updated_at" datetime(6) NOT NULL)[0m
  [1m[36mActiveRecord::SchemaMigration Pluck (0.1ms)[0m  [1m[34mSELECT "schema_migrations"."version" FROM "schema_migrations" ORDER BY "schema_migrations"."version" ASC[0m
Migrating to CreateArticles (20230620081812)
  [1m[36mTRANSACTION (0.0ms)[0m  [1m[36mbegin transaction[0m
  [1m[35m (0.3ms)[0m  [1m[35mCREATE TABLE "articles" ("id" integer PRIMARY KEY AUTOINCREMENT NOT NULL, "title" varchar, "body" text, "author" varchar, "created_at" datetime(6) NOT NULL, "updated_at" datetime(6) NOT NULL)[0m
  [1m[36mActiveRecord::SchemaMigration Create (0.2ms)[0m  [1m[32mINSERT INTO "schema_migrations" ("version") VALUES (?)[0m  [["version", "20230620081812"]]
  [1m[36mTRANSACTION (185.4ms)[0m  [1m[36mcommit transaction[0m
  [1m[36mActiveRecord::InternalMetadata Load (0.1ms)[0m  [1m[34mSELECT "ar_internal_metadata".* FROM "ar_internal_metadata" WHERE "ar_internal_metadata"."key" = ? LIMIT ?[0m  [["key", "environment"], ["LIMIT", 1]]
  [1m[36mTRANSACTION (0.1ms)[0m  [1m[36mbegin transaction[0m
  [1m[36mActiveRecord::InternalMetadata Create (0.2ms)[0m  [1m[32mINSERT INTO "ar_internal_metadata" ("key", "value", "created_at", "updated_at") VALUES (?, ?, ?, ?)[0m  [["key", "environment"], ["value", "development"], ["created_at", "2023-06-20 08:20:55.770545"], ["updated_at", "2023-06-20 08:20:55.770545"]]
  [1m[36mTRANSACTION (121.8ms)[0m  [1m[36mcommit transaction[0m
  [1m[36mActiveRecord::SchemaMigration Pluck (0.1ms)[0m  [1m[34mSELECT "schema_migrations"."version" FROM "schema_migrations" ORDER BY "schema_migrations"."version" ASC[0m
  [1m[36mTRANSACTION (0.1ms)[0m  [1m[36mbegin transaction[0m
  [1m[36mArticle Create (0.3ms)[0m  [1m[32mINSERT INTO "articles" ("title", "body", "author", "created_at", "updated_at") VALUES (?, ?, ?, ?, ?)[0m  [["title", "Hello Rails"], ["body", "I am on Rails!"], ["author", nil], ["created_at", "2023-06-20 08:32:19.920579"], ["updated_at", "2023-06-20 08:32:19.920579"]]
  [1m[36mTRANSACTION (424.5ms)[0m  [1m[36mcommit transaction[0m
Started GET "/" for 127.0.0.1 at 2023-06-20 15:48:18 +0700
  [1m[36mActiveRecord::SchemaMigration Pluck (0.2ms)[0m  [1m[34mSELECT "schema_migrations"."version" FROM "schema_migrations" ORDER BY "schema_migrations"."version" ASC[0m
Processing by Rails::WelcomeController#index as HTML
  Rendering /home/vnhuyen/.rbenv/versions/3.2.1/lib/ruby/gems/3.2.0/gems/railties-7.0.5/lib/rails/templates/rails/welcome/index.html.erb
  Rendered /home/vnhuyen/.rbenv/versions/3.2.1/lib/ruby/gems/3.2.0/gems/railties-7.0.5/lib/rails/templates/rails/welcome/index.html.erb (Duration: 3.1ms | Allocations: 633)
Completed 200 OK in 26ms (Views: 8.6ms | ActiveRecord: 0.0ms | Allocations: 7139)


Started GET "/" for 127.0.0.1 at 2023-06-20 15:48:28 +0700
Processing by Rails::WelcomeController#index as */*
  Rendering /home/vnhuyen/.rbenv/versions/3.2.1/lib/ruby/gems/3.2.0/gems/railties-7.0.5/lib/rails/templates/rails/welcome/index.html.erb
  Rendered /home/vnhuyen/.rbenv/versions/3.2.1/lib/ruby/gems/3.2.0/gems/railties-7.0.5/lib/rails/templates/rails/welcome/index.html.erb (Duration: 1.0ms | Allocations: 272)
Completed 200 OK in 3ms (Views: 2.5ms | ActiveRecord: 0.0ms | Allocations: 913)


Started GET "/" for ::1 at 2023-06-20 15:48:49 +0700
Processing by Rails::WelcomeController#index as */*
  Rendering /home/vnhuyen/.rbenv/versions/3.2.1/lib/ruby/gems/3.2.0/gems/railties-7.0.5/lib/rails/templates/rails/welcome/index.html.erb
  Rendered /home/vnhuyen/.rbenv/versions/3.2.1/lib/ruby/gems/3.2.0/gems/railties-7.0.5/lib/rails/templates/rails/welcome/index.html.erb (Duration: 0.1ms | Allocations: 14)
Completed 200 OK in 1ms (Views: 0.6ms | ActiveRecord: 0.0ms | Allocations: 204)


Started GET "/api/v1/articles" for ::1 at 2023-06-20 15:49:23 +0700
Processing by Api::V1::ArticlesController#index as */*
  [1m[36mArticle Load (0.3ms)[0m  [1m[34mSELECT "articles".* FROM "articles"[0m
  ↳ app/controllers/api/v1/articles_controller.rb:4:in `index'
Completed 200 OK in 20ms (Views: 16.3ms | ActiveRecord: 1.5ms | Allocations: 6563)


Started GET "/api/v1/articles/1" for ::1 at 2023-06-20 15:52:56 +0700
  
ActionController::RoutingError (No route matches [GET] "/api/v1/articles/1"):
  
Started GET "/api/v1/articles/1" for ::1 at 2023-06-20 15:53:18 +0700
  
ActionController::RoutingError (No route matches [GET] "/api/v1/articles/1"):
  
Started GET "/api/v1/articles" for ::1 at 2023-06-20 15:54:36 +0700
Processing by Api::V1::ArticlesController#index as */*
  [1m[36mArticle Load (0.1ms)[0m  [1m[34mSELECT "articles".* FROM "articles"[0m
  ↳ app/controllers/api/v1/articles_controller.rb:4:in `index'
Completed 200 OK in 8ms (Views: 6.6ms | ActiveRecord: 1.1ms | Allocations: 3327)


Started GET "/api/v1/articles" for ::1 at 2023-06-20 15:55:16 +0700
Processing by Api::V1::ArticlesController#index as */*
  [1m[36mArticle Load (0.1ms)[0m  [1m[34mSELECT "articles".* FROM "articles"[0m
  ↳ app/controllers/api/v1/articles_controller.rb:4:in `index'
Completed 200 OK in 6ms (Views: 5.0ms | ActiveRecord: 1.0ms | Allocations: 3331)


Started GET "/api/v1/articles/1" for ::1 at 2023-06-20 15:55:18 +0700
  
ActionController::RoutingError (No route matches [GET] "/api/v1/articles/1"):
  
Started GET "/api/v1/articles/1" for ::1 at 2023-06-20 15:56:12 +0700
Processing by Api::V1::ArticlesController#show as */*
  Parameters: {"id"=>"1"}
  [1m[36mArticle Load (0.1ms)[0m  [1m[34mSELECT "articles".* FROM "articles" WHERE "articles"."id" = ? LIMIT ?[0m  [["id", 1], ["LIMIT", 1]]
  ↳ app/controllers/api/v1/articles_controller.rb:7:in `show'
Completed 200 OK in 7ms (Views: 0.4ms | ActiveRecord: 0.7ms | Allocations: 3871)


Started GET "/api/v1/articles/1s" for ::1 at 2023-06-20 15:56:16 +0700
Processing by Api::V1::ArticlesController#show as */*
  Parameters: {"id"=>"1s"}
  [1m[36mArticle Load (0.1ms)[0m  [1m[34mSELECT "articles".* FROM "articles" WHERE "articles"."id" = ? LIMIT ?[0m  [["id", 1], ["LIMIT", 1]]
  ↳ app/controllers/api/v1/articles_controller.rb:7:in `show'
Completed 200 OK in 1ms (Views: 0.3ms | ActiveRecord: 0.1ms | Allocations: 646)


Started GET "/api/v1/articles/134" for ::1 at 2023-06-20 15:56:22 +0700
Processing by Api::V1::ArticlesController#show as */*
  Parameters: {"id"=>"134"}
  [1m[36mArticle Load (0.2ms)[0m  [1m[34mSELECT "articles".* FROM "articles" WHERE "articles"."id" = ? LIMIT ?[0m  [["id", 134], ["LIMIT", 1]]
  ↳ app/controllers/api/v1/articles_controller.rb:7:in `show'
Completed 404 Not Found in 1ms (ActiveRecord: 0.2ms | Allocations: 587)


  
ActiveRecord::RecordNotFound (Couldn't find Article with 'id'=134):
  
app/controllers/api/v1/articles_controller.rb:7:in `show'
Started GET "/api/v1/articles" for ::1 at 2023-06-20 16:01:09 +0700
Processing by Api::V1::ArticlesController#index as */*
  [1m[36mArticle Load (0.1ms)[0m  [1m[34mSELECT "articles".* FROM "articles"[0m
  ↳ app/controllers/api/v1/articles_controller.rb:4:in `index'
Completed 200 OK in 6ms (Views: 4.4ms | ActiveRecord: 0.8ms | Allocations: 3363)


Started POST "/api/v1/articles" for ::1 at 2023-06-20 16:01:49 +0700
  
ActionController::RoutingError (No route matches [POST] "/api/v1/articles"):
  
Started POST "/api/v1/articles" for ::1 at 2023-06-20 16:02:13 +0700
Processing by Api::V1::ArticlesController#create as */*
  Parameters: {"title"=>"Article new", "body"=>"this is a new article!", "author"=>"Michale Jackson", "article"=>{"title"=>"Article new", "body"=>"this is a new article!", "author"=>"Michale Jackson"}}
  [1m[36mTRANSACTION (0.1ms)[0m  [1m[36mbegin transaction[0m
  ↳ app/controllers/api/v1/articles_controller.rb:21:in `create'
  [1m[36mArticle Create (0.3ms)[0m  [1m[32mINSERT INTO "articles" ("title", "body", "author", "created_at", "updated_at") VALUES (?, ?, ?, ?, ?)[0m  [["title", "Article new"], ["body", "this is a new article!"], ["author", "Michale Jackson"], ["created_at", "2023-06-20 09:02:13.517824"], ["updated_at", "2023-06-20 09:02:13.517824"]]
  ↳ app/controllers/api/v1/articles_controller.rb:21:in `create'
  [1m[36mTRANSACTION (115.6ms)[0m  [1m[36mcommit transaction[0m
  ↳ app/controllers/api/v1/articles_controller.rb:21:in `create'
Completed 200 OK in 123ms (Views: 0.3ms | ActiveRecord: 116.7ms | Allocations: 4051)


Started GET "/api/v1/articles" for ::1 at 2023-06-20 16:02:18 +0700
Processing by Api::V1::ArticlesController#index as */*
  Parameters: {"title"=>"Article new", "body"=>"this is a new article!", "author"=>"Michale Jackson", "article"=>{"title"=>"Article new", "body"=>"this is a new article!", "author"=>"Michale Jackson"}}
  [1m[36mArticle Load (0.1ms)[0m  [1m[34mSELECT "articles".* FROM "articles"[0m
  ↳ app/controllers/api/v1/articles_controller.rb:4:in `index'
Completed 200 OK in 2ms (Views: 1.3ms | ActiveRecord: 0.1ms | Allocations: 1050)


Started GET "/api/v1/articles" for ::1 at 2023-06-20 16:08:10 +0700
  
SyntaxError (/home/vnhuyen/ror/blog-rails-angular/backend/app/controllers/api/v1/articles_controller.rb:2: syntax error, unexpected [, expecting `do' or '{' or '('
...ore_action :set_article, only [:show, :edit, :update, :destr...
...                              ^
):
  
app/controllers/api/v1/articles_controller.rb:2: syntax error, unexpected [, expecting `do' or '{' or '('
app/controllers/api/v1/articles_controller.rb:2: syntax error, unexpected [, expecting `do' or '{' or '('
Started GET "/api/v1/articles" for ::1 at 2023-06-20 16:08:45 +0700
  
SyntaxError (/home/vnhuyen/ror/blog-rails-angular/backend/app/controllers/api/v1/articles_controller.rb:2: syntax error, unexpected verbatim symbol list, expecting `do' or '{' or '('
...e_action :set_article, only %i[:show, :edit, :update, :destr...
...                            ^~~
):
  
app/controllers/api/v1/articles_controller.rb:2: syntax error, unexpected verbatim symbol list, expecting `do' or '{' or '('
app/controllers/api/v1/articles_controller.rb:2: syntax error, unexpected verbatim symbol list, expecting `do' or '{' or '('
Started GET "/api/v1/articles" for ::1 at 2023-06-20 16:09:29 +0700
Processing by Api::V1::ArticlesController#index as */*
  Parameters: {"title"=>"Article new", "body"=>"this is a new article!", "author"=>"Michale Jackson", "article"=>{"title"=>"Article new", "body"=>"this is a new article!", "author"=>"Michale Jackson"}}
  [1m[36mArticle Load (0.1ms)[0m  [1m[34mSELECT "articles".* FROM "articles"[0m
  ↳ app/controllers/api/v1/articles_controller.rb:6:in `index'
Completed 200 OK in 4ms (Views: 3.1ms | ActiveRecord: 0.8ms | Allocations: 2570)


Started GET "/api/v1/articles" for ::1 at 2023-06-20 16:09:30 +0700
Processing by Api::V1::ArticlesController#index as */*
  Parameters: {"title"=>"Article new", "body"=>"this is a new article!", "author"=>"Michale Jackson", "article"=>{"title"=>"Article new", "body"=>"this is a new article!", "author"=>"Michale Jackson"}}
  [1m[36mArticle Load (0.2ms)[0m  [1m[34mSELECT "articles".* FROM "articles"[0m
  ↳ app/controllers/api/v1/articles_controller.rb:6:in `index'
Completed 200 OK in 2ms (Views: 1.2ms | ActiveRecord: 0.2ms | Allocations: 929)


Started GET "/api/v1/articles/2" for ::1 at 2023-06-20 16:09:33 +0700
Processing by Api::V1::ArticlesController#show as */*
  Parameters: {"title"=>"Article new", "body"=>"this is a new article!", "author"=>"Michale Jackson", "id"=>"2", "article"=>{"title"=>"Article new", "body"=>"this is a new article!", "author"=>"Michale Jackson"}}
  [1m[36mArticle Load (0.1ms)[0m  [1m[34mSELECT "articles".* FROM "articles" WHERE "articles"."id" = ? LIMIT ?[0m  [["id", 2], ["LIMIT", 1]]
  ↳ app/controllers/api/v1/articles_controller.rb:41:in `set_article'
Completed 500 Internal Server Error in 2ms (ActiveRecord: 0.1ms | Allocations: 751)


  
NameError (undefined local variable or method `article' for #<Api::V1::ArticlesController:0x0000000002a698>):
  
app/controllers/api/v1/articles_controller.rb:9:in `show'
Started GET "/api/v1/articles/2" for ::1 at 2023-06-20 16:09:59 +0700
Processing by Api::V1::ArticlesController#show as */*
  Parameters: {"title"=>"Article new", "body"=>"this is a new article!", "author"=>"Michale Jackson", "id"=>"2", "article"=>{"title"=>"Article new", "body"=>"this is a new article!", "author"=>"Michale Jackson"}}
  [1m[36mArticle Load (0.1ms)[0m  [1m[34mSELECT "articles".* FROM "articles" WHERE "articles"."id" = ? LIMIT ?[0m  [["id", 2], ["LIMIT", 1]]
  ↳ app/controllers/api/v1/articles_controller.rb:41:in `set_article'
Completed 200 OK in 4ms (Views: 0.2ms | ActiveRecord: 0.7ms | Allocations: 2259)


Started GET "/api/v1/articles" for ::1 at 2023-06-20 16:10:09 +0700
Processing by Api::V1::ArticlesController#index as */*
  Parameters: {"title"=>"Article new", "body"=>"this is a new article!", "author"=>"Michale Jackson", "article"=>{"title"=>"Article new", "body"=>"this is a new article!", "author"=>"Michale Jackson"}}
  [1m[36mArticle Load (0.1ms)[0m  [1m[34mSELECT "articles".* FROM "articles"[0m
  ↳ app/controllers/api/v1/articles_controller.rb:6:in `index'
Completed 200 OK in 2ms (Views: 1.4ms | ActiveRecord: 0.1ms | Allocations: 1004)


Started GET "/api/v1/articles/1" for ::1 at 2023-06-20 16:10:12 +0700
Processing by Api::V1::ArticlesController#show as */*
  Parameters: {"title"=>"Article new", "body"=>"this is a new article!", "author"=>"Michale Jackson", "id"=>"1", "article"=>{"title"=>"Article new", "body"=>"this is a new article!", "author"=>"Michale Jackson"}}
  [1m[36mArticle Load (0.1ms)[0m  [1m[34mSELECT "articles".* FROM "articles" WHERE "articles"."id" = ? LIMIT ?[0m  [["id", 1], ["LIMIT", 1]]
  ↳ app/controllers/api/v1/articles_controller.rb:41:in `set_article'
Completed 200 OK in 2ms (Views: 0.2ms | ActiveRecord: 0.1ms | Allocations: 562)


Started GET "/api/v1/articles/1" for ::1 at 2023-06-20 16:13:24 +0700
Processing by Api::V1::ArticlesController#show as */*
  Parameters: {"title"=>"Article new", "body"=>"this is a new article!", "author"=>"Michale Jackson", "id"=>"1", "article"=>{"title"=>"Article new", "body"=>"this is a new article!", "author"=>"Michale Jackson"}}
  [1m[36mArticle Load (0.1ms)[0m  [1m[34mSELECT "articles".* FROM "articles" WHERE "articles"."id" = ? LIMIT ?[0m  [["id", 1], ["LIMIT", 1]]
  ↳ app/controllers/api/v1/articles_controller.rb:41:in `set_article'
Completed 200 OK in 4ms (Views: 0.5ms | ActiveRecord: 0.7ms | Allocations: 2351)


Started GET "/api/v1/articles/1" for ::1 at 2023-06-20 16:13:34 +0700
Processing by Api::V1::ArticlesController#show as */*
  Parameters: {"title"=>"Article new", "body"=>"this is a new article!", "author"=>"Michale Jackson", "id"=>"1", "article"=>{"title"=>"Article new", "body"=>"this is a new article!", "author"=>"Michale Jackson"}}
  [1m[36mArticle Load (0.1ms)[0m  [1m[34mSELECT "articles".* FROM "articles" WHERE "articles"."id" = ? LIMIT ?[0m  [["id", 1], ["LIMIT", 1]]
  ↳ app/controllers/api/v1/articles_controller.rb:41:in `set_article'
Completed 500 Internal Server Error in 3ms (ActiveRecord: 0.7ms | Allocations: 2219)


  
NameError (undefined local variable or method `article' for #<Api::V1::ArticlesController:0x00000000035480>):
  
app/controllers/api/v1/articles_controller.rb:9:in `show'
Started POST "/api/v1/articles" for ::1 at 2023-06-20 16:14:19 +0700
Processing by Api::V1::ArticlesController#create as */*
  Parameters: {"title"=>"Article new 1", "body"=>"this is a new article 1!", "author"=>"Author 1", "article"=>{"title"=>"Article new 1", "body"=>"this is a new article 1!", "author"=>"Author 1"}}
  [1m[36mTRANSACTION (0.1ms)[0m  [1m[36mbegin transaction[0m
  ↳ app/controllers/api/v1/articles_controller.rb:22:in `create'
  [1m[36mArticle Create (0.3ms)[0m  [1m[32mINSERT INTO "articles" ("title", "body", "author", "created_at", "updated_at") VALUES (?, ?, ?, ?, ?)[0m  [["title", "Article new 1"], ["body", "this is a new article 1!"], ["author", "Author 1"], ["created_at", "2023-06-20 09:14:19.850858"], ["updated_at", "2023-06-20 09:14:19.850858"]]
  ↳ app/controllers/api/v1/articles_controller.rb:22:in `create'
  [1m[36mTRANSACTION (164.0ms)[0m  [1m[36mcommit transaction[0m
  ↳ app/controllers/api/v1/articles_controller.rb:22:in `create'
Completed 200 OK in 173ms (Views: 0.3ms | ActiveRecord: 164.9ms | Allocations: 3635)


Started POST "/api/v1/articles" for ::1 at 2023-06-20 16:14:47 +0700
Processing by Api::V1::ArticlesController#create as */*
  Parameters: {"title"=>"Article new 2", "body"=>"this is a new article 2!", "author"=>"Author 2", "article"=>{"title"=>"Article new 2", "body"=>"this is a new article 2!", "author"=>"Author 2"}}
  [1m[36mTRANSACTION (0.1ms)[0m  [1m[36mbegin transaction[0m
  ↳ app/controllers/api/v1/articles_controller.rb:22:in `create'
  [1m[36mArticle Create (0.4ms)[0m  [1m[32mINSERT INTO "articles" ("title", "body", "author", "created_at", "updated_at") VALUES (?, ?, ?, ?, ?)[0m  [["title", "Article new 2"], ["body", "this is a new article 2!"], ["author", "Author 2"], ["created_at", "2023-06-20 09:14:47.834253"], ["updated_at", "2023-06-20 09:14:47.834253"]]
  ↳ app/controllers/api/v1/articles_controller.rb:22:in `create'
  [1m[36mTRANSACTION (128.1ms)[0m  [1m[36mcommit transaction[0m
  ↳ app/controllers/api/v1/articles_controller.rb:22:in `create'
Completed 500 Internal Server Error in 137ms (ActiveRecord: 129.7ms | Allocations: 3484)


  
NameError (undefined local variable or method `articles' for #<Api::V1::ArticlesController:0x0000000003c910>):
  
app/controllers/api/v1/articles_controller.rb:23:in `create'
Started POST "/api/v1/articles" for ::1 at 2023-06-20 16:15:00 +0700
Processing by Api::V1::ArticlesController#create as */*
  Parameters: {"title"=>"Article new 2", "body"=>"this is a new article 2!", "author"=>"Author 2", "article"=>{"title"=>"Article new 2", "body"=>"this is a new article 2!", "author"=>"Author 2"}}
  [1m[36mTRANSACTION (0.1ms)[0m  [1m[36mbegin transaction[0m
  ↳ app/controllers/api/v1/articles_controller.rb:22:in `create'
  [1m[36mArticle Create (0.4ms)[0m  [1m[32mINSERT INTO "articles" ("title", "body", "author", "created_at", "updated_at") VALUES (?, ?, ?, ?, ?)[0m  [["title", "Article new 2"], ["body", "this is a new article 2!"], ["author", "Author 2"], ["created_at", "2023-06-20 09:15:00.617971"], ["updated_at", "2023-06-20 09:15:00.617971"]]
  ↳ app/controllers/api/v1/articles_controller.rb:22:in `create'
  [1m[36mTRANSACTION (350.0ms)[0m  [1m[36mcommit transaction[0m
  ↳ app/controllers/api/v1/articles_controller.rb:22:in `create'
Completed 500 Internal Server Error in 355ms (ActiveRecord: 352.1ms | Allocations: 3543)


  
NameError (undefined local variable or method `articles' for #<Api::V1::ArticlesController:0x000000000403d0>):
  
app/controllers/api/v1/articles_controller.rb:23:in `create'
Started POST "/api/v1/articles" for ::1 at 2023-06-20 16:15:06 +0700
Processing by Api::V1::ArticlesController#create as */*
  Parameters: {"title"=>"Article new 2", "body"=>"this is a new article 2!", "author"=>"Author 2", "article"=>{"title"=>"Article new 2", "body"=>"this is a new article 2!", "author"=>"Author 2"}}
  [1m[36mTRANSACTION (0.1ms)[0m  [1m[36mbegin transaction[0m
  ↳ app/controllers/api/v1/articles_controller.rb:22:in `create'
  [1m[36mArticle Create (0.2ms)[0m  [1m[32mINSERT INTO "articles" ("title", "body", "author", "created_at", "updated_at") VALUES (?, ?, ?, ?, ?)[0m  [["title", "Article new 2"], ["body", "this is a new article 2!"], ["author", "Author 2"], ["created_at", "2023-06-20 09:15:06.724891"], ["updated_at", "2023-06-20 09:15:06.724891"]]
  ↳ app/controllers/api/v1/articles_controller.rb:22:in `create'
  [1m[36mTRANSACTION (218.8ms)[0m  [1m[36mcommit transaction[0m
  ↳ app/controllers/api/v1/articles_controller.rb:22:in `create'
Completed 200 OK in 224ms (Views: 0.3ms | ActiveRecord: 219.6ms | Allocations: 3515)


Started POST "/api/v1/articles" for ::1 at 2023-06-20 16:15:16 +0700
Processing by Api::V1::ArticlesController#create as */*
  Parameters: {"title"=>"Article new 2", "body"=>"this is a new article 2!", "author"=>"Author 2", "article"=>{"title"=>"Article new 2", "body"=>"this is a new article 2!", "author"=>"Author 2"}}
  [1m[36mTRANSACTION (0.0ms)[0m  [1m[36mbegin transaction[0m
  ↳ app/controllers/api/v1/articles_controller.rb:22:in `create'
  [1m[36mArticle Create (0.3ms)[0m  [1m[32mINSERT INTO "articles" ("title", "body", "author", "created_at", "updated_at") VALUES (?, ?, ?, ?, ?)[0m  [["title", "Article new 2"], ["body", "this is a new article 2!"], ["author", "Author 2"], ["created_at", "2023-06-20 09:15:16.492529"], ["updated_at", "2023-06-20 09:15:16.492529"]]
  ↳ app/controllers/api/v1/articles_controller.rb:22:in `create'
  [1m[36mTRANSACTION (131.2ms)[0m  [1m[36mcommit transaction[0m
  ↳ app/controllers/api/v1/articles_controller.rb:22:in `create'
Completed 200 OK in 136ms (Views: 0.3ms | ActiveRecord: 132.2ms | Allocations: 3578)


Started GET "/api/v1/articles" for ::1 at 2023-06-20 16:15:46 +0700
Processing by Api::V1::ArticlesController#index as */*
  Parameters: {"title"=>"Article new 2", "body"=>"this is a new article 2!", "author"=>"Author 2", "article"=>{"title"=>"Article new 2", "body"=>"this is a new article 2!", "author"=>"Author 2"}}
  [1m[36mArticle Load (0.2ms)[0m  [1m[34mSELECT "articles".* FROM "articles"[0m
  ↳ app/controllers/api/v1/articles_controller.rb:6:in `index'
Completed 200 OK in 4ms (Views: 3.0ms | ActiveRecord: 0.2ms | Allocations: 1672)


Started PUT "/api/v1/articles/5" for ::1 at 2023-06-20 16:16:08 +0700
Processing by Api::V1::ArticlesController#update as */*
  Parameters: {"title"=>"Article new 3", "body"=>"this is a new article 3!", "author"=>"Author 3", "id"=>"5", "article"=>{"title"=>"Article new 3", "body"=>"this is a new article 3!", "author"=>"Author 3"}}
  [1m[36mArticle Load (0.3ms)[0m  [1m[34mSELECT "articles".* FROM "articles" WHERE "articles"."id" = ? LIMIT ?[0m  [["id", 5], ["LIMIT", 1]]
  ↳ app/controllers/api/v1/articles_controller.rb:41:in `set_article'
  [1m[36mTRANSACTION (0.2ms)[0m  [1m[36mbegin transaction[0m
  ↳ app/controllers/api/v1/articles_controller.rb:29:in `update'
  [1m[36mArticle Update (0.6ms)[0m  [1m[33mUPDATE "articles" SET "title" = ?, "body" = ?, "author" = ?, "updated_at" = ? WHERE "articles"."id" = ?[0m  [["title", "Article new 3"], ["body", "this is a new article 3!"], ["author", "Author 3"], ["updated_at", "2023-06-20 09:16:08.414406"], ["id", 5]]
  ↳ app/controllers/api/v1/articles_controller.rb:29:in `update'
  [1m[36mTRANSACTION (109.7ms)[0m  [1m[36mcommit transaction[0m
  ↳ app/controllers/api/v1/articles_controller.rb:29:in `update'
Completed 500 Internal Server Error in 119ms (ActiveRecord: 110.8ms | Allocations: 2859)


  
NameError (undefined local variable or method `article' for #<Api::V1::ArticlesController:0x00000000047a40>):
  
app/controllers/api/v1/articles_controller.rb:30:in `update'
Started PUT "/api/v1/articles/5" for ::1 at 2023-06-20 16:18:03 +0700
Processing by Api::V1::ArticlesController#update as */*
  Parameters: {"title"=>"Article new 3", "body"=>"this is a new article 3!", "author"=>"Author 3", "id"=>"5", "article"=>{"title"=>"Article new 3", "body"=>"this is a new article 3!", "author"=>"Author 3"}}
  [1m[36mArticle Load (0.2ms)[0m  [1m[34mSELECT "articles".* FROM "articles" WHERE "articles"."id" = ? LIMIT ?[0m  [["id", 5], ["LIMIT", 1]]
  ↳ app/controllers/api/v1/articles_controller.rb:41:in `set_article'
Completed 200 OK in 6ms (Views: 0.3ms | ActiveRecord: 0.8ms | Allocations: 2642)


Started GET "/api/v1/articles" for ::1 at 2023-06-20 16:18:15 +0700
Processing by Api::V1::ArticlesController#index as */*
  Parameters: {"title"=>"Article new 3", "body"=>"this is a new article 3!", "author"=>"Author 3", "article"=>{"title"=>"Article new 3", "body"=>"this is a new article 3!", "author"=>"Author 3"}}
  [1m[36mArticle Load (0.1ms)[0m  [1m[34mSELECT "articles".* FROM "articles"[0m
  ↳ app/controllers/api/v1/articles_controller.rb:6:in `index'
Completed 200 OK in 3ms (Views: 2.6ms | ActiveRecord: 0.1ms | Allocations: 1607)


Started DELETE "/api/v1/articles/6" for ::1 at 2023-06-20 16:22:33 +0700
Processing by Api::V1::ArticlesController#destroy as */*
  Parameters: {"title"=>"Article new 3", "body"=>"this is a new article 3!", "author"=>"Author 3", "id"=>"6", "article"=>{"title"=>"Article new 3", "body"=>"this is a new article 3!", "author"=>"Author 3"}}
  [1m[36mArticle Load (0.1ms)[0m  [1m[34mSELECT "articles".* FROM "articles" WHERE "articles"."id" = ? LIMIT ?[0m  [["id", 6], ["LIMIT", 1]]
  ↳ app/controllers/api/v1/articles_controller.rb:49:in `set_article'
  [1m[36mTRANSACTION (0.1ms)[0m  [1m[36mbegin transaction[0m
  ↳ app/controllers/api/v1/articles_controller.rb:39:in `destroy'
  [1m[36mArticle Destroy (0.8ms)[0m  [1m[31mDELETE FROM "articles" WHERE "articles"."id" = ?[0m  [["id", 6]]
  ↳ app/controllers/api/v1/articles_controller.rb:39:in `destroy'
  [1m[36mTRANSACTION (204.2ms)[0m  [1m[36mcommit transaction[0m
  ↳ app/controllers/api/v1/articles_controller.rb:39:in `destroy'
Completed 200 OK in 211ms (Views: 0.1ms | ActiveRecord: 205.8ms | Allocations: 3836)


Started DELETE "/api/v1/articles/7" for ::1 at 2023-06-20 16:22:37 +0700
Processing by Api::V1::ArticlesController#destroy as */*
  Parameters: {"title"=>"Article new 3", "body"=>"this is a new article 3!", "author"=>"Author 3", "id"=>"7", "article"=>{"title"=>"Article new 3", "body"=>"this is a new article 3!", "author"=>"Author 3"}}
  [1m[36mArticle Load (0.1ms)[0m  [1m[34mSELECT "articles".* FROM "articles" WHERE "articles"."id" = ? LIMIT ?[0m  [["id", 7], ["LIMIT", 1]]
  ↳ app/controllers/api/v1/articles_controller.rb:49:in `set_article'
  [1m[36mTRANSACTION (0.1ms)[0m  [1m[36mbegin transaction[0m
  ↳ app/controllers/api/v1/articles_controller.rb:39:in `destroy'
  [1m[36mArticle Destroy (0.2ms)[0m  [1m[31mDELETE FROM "articles" WHERE "articles"."id" = ?[0m  [["id", 7]]
  ↳ app/controllers/api/v1/articles_controller.rb:39:in `destroy'
  [1m[36mTRANSACTION (157.9ms)[0m  [1m[36mcommit transaction[0m
  ↳ app/controllers/api/v1/articles_controller.rb:39:in `destroy'
Completed 200 OK in 162ms (Views: 0.1ms | ActiveRecord: 158.3ms | Allocations: 2042)


Started GET "/api/v1/articles" for ::1 at 2023-06-20 16:22:42 +0700
Processing by Api::V1::ArticlesController#index as */*
  Parameters: {"title"=>"Article new 3", "body"=>"this is a new article 3!", "author"=>"Author 3", "article"=>{"title"=>"Article new 3", "body"=>"this is a new article 3!", "author"=>"Author 3"}}
  [1m[36mArticle Load (0.1ms)[0m  [1m[34mSELECT "articles".* FROM "articles"[0m
  ↳ app/controllers/api/v1/articles_controller.rb:6:in `index'
Completed 200 OK in 2ms (Views: 1.8ms | ActiveRecord: 0.1ms | Allocations: 1376)


Started GET "/api/v1/articles" for ::1 at 2023-06-20 16:24:35 +0700
  
SyntaxError (/home/vnhuyen/ror/blog-rails-angular/backend/config/routes.rb:8: syntax error, unexpected symbol literal, expecting `do' or '{' or '('
...     resouces :articles, only :index, :create, :update, :des...
...                              ^
):
  
config/routes.rb:8: syntax error, unexpected symbol literal, expecting `do' or '{' or '('
config/routes.rb:8: syntax error, unexpected symbol literal, expecting `do' or '{' or '('
Started GET "/api/v1/articles" for ::1 at 2023-06-20 16:24:53 +0700
  
NoMethodError (undefined method `resouces' for #<ActionDispatch::Routing::Mapper:0x00007f4722c67a80 @set=#<ActionDispatch::Routing::RouteSet:0x00007f4722e169a8>, @draw_paths=[#<Pathname:/home/vnhuyen/ror/blog-rails-angular/backend/config/routes>], @scope=#<ActionDispatch::Routing::Mapper::Scope:0x00007f4722e80e70 @hash={:path_names=>{:new=>"new", :edit=>"edit"}}, @parent=#<ActionDispatch::Routing::Mapper::Scope:0x00007f47232c7f38 @hash=nil, @parent=nil, @scope_level=nil>, @scope_level=nil>, @concerns={}>):
  
config/routes.rb:8:in `block (3 levels) in <main>'
config/routes.rb:6:in `block (2 levels) in <main>'
config/routes.rb:5:in `block in <main>'
config/routes.rb:1:in `<main>'
Started GET "/api/v1/articles" for ::1 at 2023-06-20 16:25:07 +0700
  
NoMethodError (undefined method `resouces' for #<ActionDispatch::Routing::Mapper:0x00007f47216293e0 @set=#<ActionDispatch::Routing::RouteSet:0x00007f4722e169a8>, @draw_paths=[#<Pathname:/home/vnhuyen/ror/blog-rails-angular/backend/config/routes>], @scope=#<ActionDispatch::Routing::Mapper::Scope:0x00007f4723c62688 @hash={:path_names=>{:new=>"new", :edit=>"edit"}}, @parent=#<ActionDispatch::Routing::Mapper::Scope:0x00007f47232c7f38 @hash=nil, @parent=nil, @scope_level=nil>, @scope_level=nil>, @concerns={}>):
  
config/routes.rb:8:in `block (3 levels) in <main>'
config/routes.rb:6:in `block (2 levels) in <main>'
config/routes.rb:5:in `block in <main>'
config/routes.rb:1:in `<main>'
Started GET "/api/v1/articles" for ::1 at 2023-06-20 16:25:25 +0700
Processing by Api::V1::ArticlesController#index as */*
  Parameters: {"title"=>"Article new 3", "body"=>"this is a new article 3!", "author"=>"Author 3", "article"=>{"title"=>"Article new 3", "body"=>"this is a new article 3!", "author"=>"Author 3"}}
  [1m[36mArticle Load (0.2ms)[0m  [1m[34mSELECT "articles".* FROM "articles"[0m
  ↳ app/controllers/api/v1/articles_controller.rb:6:in `index'
Completed 200 OK in 14ms (Views: 12.6ms | ActiveRecord: 1.1ms | Allocations: 2944)


